Skipping ingestion step.
Processing glossary...
Found 65 glossary terms.
Generated /home/phi/PROJECTS/geometor/etc/docsrc/glossary.rst
Parsing files in /home/phi/PROJECTS/geometor/etc/etc/split...
Found 104879 center files in split directory.
Parsed /home/phi/PROJECTS/geometor/etc/etc/split/x-00001-1.html -> X(1)
Parsed /home/phi/PROJECTS/geometor/etc/etc/split/x-00001.html -> X(1)
Parsed /home/phi/PROJECTS/geometor/etc/etc/split/x-00002-1.html -> X(2)
Parsed /home/phi/PROJECTS/geometor/etc/etc/split/x-00002.html -> X(2)
Parsed /home/phi/PROJECTS/geometor/etc/etc/split/x-00003-1.html -> X(3)
Parsed /home/phi/PROJECTS/geometor/etc/etc/split/x-00003.html -> X(3)
Parsed /home/phi/PROJECTS/geometor/etc/etc/split/x-00004-1.html -> X(4)
Parsed /home/phi/PROJECTS/geometor/etc/etc/split/x-00004.html -> X(4)
Parsed /home/phi/PROJECTS/geometor/etc/etc/split/x-00005-1.html -> X(5)
Parsed /home/phi/PROJECTS/geometor/etc/etc/split/x-00005.html -> X(5)
Parsed /home/phi/PROJECTS/geometor/etc/etc/split/x-00006-1.html -> X(6)
Parsed /home/phi/PROJECTS/geometor/etc/etc/split/x-00006.html -> X(6)
Parsed /home/phi/PROJECTS/geometor/etc/etc/split/x-00007-1.html -> X(7)
Parsed /home/phi/PROJECTS/geometor/etc/etc/split/x-00007.html -> X(7)
Parsed /home/phi/PROJECTS/geometor/etc/etc/split/x-00008-1.html -> X(8)
Parsed /home/phi/PROJECTS/geometor/etc/etc/split/x-00008.html -> X(8)
Parsed /home/phi/PROJECTS/geometor/etc/etc/split/x-00009-1.html -> X(9)
Parsed /home/phi/PROJECTS/geometor/etc/etc/split/x-00009.html -> X(9)
Parsed /home/phi/PROJECTS/geometor/etc/etc/split/x-00010-1.html -> X(10)
Parsed /home/phi/PROJECTS/geometor/etc/etc/split/x-00010.html -> X(10)
Parsed /home/phi/PROJECTS/geometor/etc/etc/split/x-00011-1.html -> X(11)
Parsed /home/phi/PROJECTS/geometor/etc/etc/split/x-00011.html -> X(11)
Parsed /home/phi/PROJECTS/geometor/etc/etc/split/x-00012-1.html -> X(12)
Parsed /home/phi/PROJECTS/geometor/etc/etc/split/x-00012.html -> X(12)
Parsed /home/phi/PROJECTS/geometor/etc/etc/split/x-00013-1.html -> X(13)
Parsed /home/phi/PROJECTS/geometor/etc/etc/split/x-00013.html -> X(13)
Parsed /home/phi/PROJECTS/geometor/etc/etc/split/x-00014-1.html -> X(14)
Parsed /home/phi/PROJECTS/geometor/etc/etc/split/x-00014.html -> X(14)
Parsed /home/phi/PROJECTS/geometor/etc/etc/split/x-00015-1.html -> X(15)
Parsed /home/phi/PROJECTS/geometor/etc/etc/split/x-00015.html -> X(15)
Parsed /home/phi/PROJECTS/geometor/etc/etc/split/x-00016-1.html -> X(16)
Parsed /home/phi/PROJECTS/geometor/etc/etc/split/x-00016.html -> X(16)
Parsed /home/phi/PROJECTS/geometor/etc/etc/split/x-00017-1.html -> X(17)
Parsed /home/phi/PROJECTS/geometor/etc/etc/split/x-00017.html -> X(17)
Parsed /home/phi/PROJECTS/geometor/etc/etc/split/x-00018-1.html -> X(18)
Parsed /home/phi/PROJECTS/geometor/etc/etc/split/x-00018.html -> X(18)
Parsed /home/phi/PROJECTS/geometor/etc/etc/split/x-00019-1.html -> X(19)
Parsed /home/phi/PROJECTS/geometor/etc/etc/split/x-00019.html -> X(19)
Parsed /home/phi/PROJECTS/geometor/etc/etc/split/x-00020-1.html -> X(20)
Parsed /home/phi/PROJECTS/geometor/etc/etc/split/x-00020.html -> X(20)
Parsed /home/phi/PROJECTS/geometor/etc/etc/split/x-00021-1.html -> X(21)
Parsed /home/phi/PROJECTS/geometor/etc/etc/split/x-00021.html -> X(21)
Parsed /home/phi/PROJECTS/geometor/etc/etc/split/x-00022-1.html -> X(22)
Parsed /home/phi/PROJECTS/geometor/etc/etc/split/x-00022.html -> X(22)
Parsed /home/phi/PROJECTS/geometor/etc/etc/split/x-00023-1.html -> X(23)
Parsed /home/phi/PROJECTS/geometor/etc/etc/split/x-00023.html -> X(23)
Parsed /home/phi/PROJECTS/geometor/etc/etc/split/x-00024-1.html -> X(24)
Parsed /home/phi/PROJECTS/geometor/etc/etc/split/x-00024.html -> X(24)
Parsed /home/phi/PROJECTS/geometor/etc/etc/split/x-00025-1.html -> X(25)
Parsed /home/phi/PROJECTS/geometor/etc/etc/split/x-00025.html -> X(25)
Parsed /home/phi/PROJECTS/geometor/etc/etc/split/x-00026-1.html -> X(26)
Parsed /home/phi/PROJECTS/geometor/etc/etc/split/x-00026.html -> X(26)
Parsed /home/phi/PROJECTS/geometor/etc/etc/split/x-00027-1.html -> X(27)
Parsed /home/phi/PROJECTS/geometor/etc/etc/split/x-00027.html -> X(27)
Parsed /home/phi/PROJECTS/geometor/etc/etc/split/x-00028-1.html -> X(28)
Parsed /home/phi/PROJECTS/geometor/etc/etc/split/x-00028.html -> X(28)
Parsed /home/phi/PROJECTS/geometor/etc/etc/split/x-00029-1.html -> X(29)
Parsed /home/phi/PROJECTS/geometor/etc/etc/split/x-00029.html -> X(29)
Parsed /home/phi/PROJECTS/geometor/etc/etc/split/x-00030-1.html -> X(30)
Parsed /home/phi/PROJECTS/geometor/etc/etc/split/x-00030.html -> X(30)
Parsed /home/phi/PROJECTS/geometor/etc/etc/split/x-00031-1.html -> X(31)
Parsed /home/phi/PROJECTS/geometor/etc/etc/split/x-00031.html -> X(31)
Parsed /home/phi/PROJECTS/geometor/etc/etc/split/x-00032-1.html -> X(32)
Parsed /home/phi/PROJECTS/geometor/etc/etc/split/x-00032.html -> X(32)
Parsed /home/phi/PROJECTS/geometor/etc/etc/split/x-00033-1.html -> X(33)
Parsed /home/phi/PROJECTS/geometor/etc/etc/split/x-00033.html -> X(33)
Parsed /home/phi/PROJECTS/geometor/etc/etc/split/x-00034-1.html -> X(34)
Parsed /home/phi/PROJECTS/geometor/etc/etc/split/x-00034.html -> X(34)
Parsed /home/phi/PROJECTS/geometor/etc/etc/split/x-00035-1.html -> X(35)
Parsed /home/phi/PROJECTS/geometor/etc/etc/split/x-00035.html -> X(35)
Parsed /home/phi/PROJECTS/geometor/etc/etc/split/x-00036-1.html -> X(36)
Parsed /home/phi/PROJECTS/geometor/etc/etc/split/x-00036.html -> X(36)
Parsed /home/phi/PROJECTS/geometor/etc/etc/split/x-00037-1.html -> X(37)
Parsed /home/phi/PROJECTS/geometor/etc/etc/split/x-00037.html -> X(37)
Parsed /home/phi/PROJECTS/geometor/etc/etc/split/x-00038-1.html -> X(38)
Parsed /home/phi/PROJECTS/geometor/etc/etc/split/x-00038.html -> X(38)
Parsed /home/phi/PROJECTS/geometor/etc/etc/split/x-00039-1.html -> X(39)
Parsed /home/phi/PROJECTS/geometor/etc/etc/split/x-00039.html -> X(39)
Parsed /home/phi/PROJECTS/geometor/etc/etc/split/x-00040-1.html -> X(40)
Parsed /home/phi/PROJECTS/geometor/etc/etc/split/x-00040.html -> X(40)
Parsed /home/phi/PROJECTS/geometor/etc/etc/split/x-00041-1.html -> X(41)
Parsed /home/phi/PROJECTS/geometor/etc/etc/split/x-00041.html -> X(41)
Parsed /home/phi/PROJECTS/geometor/etc/etc/split/x-00042-1.html -> X(42)
Parsed /home/phi/PROJECTS/geometor/etc/etc/split/x-00042.html -> X(42)
Parsed /home/phi/PROJECTS/geometor/etc/etc/split/x-00043-1.html -> X(43)
Parsed /home/phi/PROJECTS/geometor/etc/etc/split/x-00043.html -> X(43)
Parsed /home/phi/PROJECTS/geometor/etc/etc/split/x-00044-1.html -> X(44)
Parsed /home/phi/PROJECTS/geometor/etc/etc/split/x-00044.html -> X(44)
Parsed /home/phi/PROJECTS/geometor/etc/etc/split/x-00045-1.html -> X(45)
Parsed /home/phi/PROJECTS/geometor/etc/etc/split/x-00045.html -> X(45)
Parsed /home/phi/PROJECTS/geometor/etc/etc/split/x-00046-1.html -> X(46)
Parsed /home/phi/PROJECTS/geometor/etc/etc/split/x-00046.html -> X(46)
Parsed /home/phi/PROJECTS/geometor/etc/etc/split/x-00047-1.html -> X(47)
Parsed /home/phi/PROJECTS/geometor/etc/etc/split/x-00047.html -> X(47)
Parsed /home/phi/PROJECTS/geometor/etc/etc/split/x-00048-1.html -> X(48)
Parsed /home/phi/PROJECTS/geometor/etc/etc/split/x-00048.html -> X(48)
Parsed /home/phi/PROJECTS/geometor/etc/etc/split/x-00049-1.html -> X(49)
Parsed /home/phi/PROJECTS/geometor/etc/etc/split/x-00049.html -> X(49)
Parsed /home/phi/PROJECTS/geometor/etc/etc/split/x-00050-1.html -> X(50)
Parsed /home/phi/PROJECTS/geometor/etc/etc/split/x-00050.html -> X(50)
Parsed 100 centers.
Generating RST files in /home/phi/PROJECTS/geometor/etc/docsrc/centers...
Done.
