Skipping ingestion step.
Processing glossary...
Found 65 glossary terms.
Generated /home/phi/PROJECTS/geometor/etc/docsrc/glossary.rst
Parsing files in /home/phi/PROJECTS/geometor/etc/etc/split...
Found 35000 center files in split directory.
Parsed /home/phi/PROJECTS/geometor/etc/etc/split/x-00001.html -> X(1)
Parsed /home/phi/PROJECTS/geometor/etc/etc/split/x-00002.html -> X(2)
Parsed /home/phi/PROJECTS/geometor/etc/etc/split/x-00003.html -> X(3)
Parsed /home/phi/PROJECTS/geometor/etc/etc/split/x-00004.html -> X(4)
Parsed /home/phi/PROJECTS/geometor/etc/etc/split/x-00005.html -> X(5)
Parsed /home/phi/PROJECTS/geometor/etc/etc/split/x-00006.html -> X(6)
Parsed /home/phi/PROJECTS/geometor/etc/etc/split/x-00007.html -> X(7)
Parsed /home/phi/PROJECTS/geometor/etc/etc/split/x-00008.html -> X(8)
Parsed /home/phi/PROJECTS/geometor/etc/etc/split/x-00009.html -> X(9)
Parsed /home/phi/PROJECTS/geometor/etc/etc/split/x-00010.html -> X(10)
Parsed /home/phi/PROJECTS/geometor/etc/etc/split/x-00011.html -> X(11)
Parsed /home/phi/PROJECTS/geometor/etc/etc/split/x-00012.html -> X(12)
Parsed /home/phi/PROJECTS/geometor/etc/etc/split/x-00013.html -> X(13)
Parsed /home/phi/PROJECTS/geometor/etc/etc/split/x-00014.html -> X(14)
Parsed /home/phi/PROJECTS/geometor/etc/etc/split/x-00015.html -> X(15)
Parsed /home/phi/PROJECTS/geometor/etc/etc/split/x-00016.html -> X(16)
Parsed /home/phi/PROJECTS/geometor/etc/etc/split/x-00017.html -> X(17)
Parsed /home/phi/PROJECTS/geometor/etc/etc/split/x-00018.html -> X(18)
Parsed /home/phi/PROJECTS/geometor/etc/etc/split/x-00019.html -> X(19)
Parsed /home/phi/PROJECTS/geometor/etc/etc/split/x-00020.html -> X(20)
Parsed /home/phi/PROJECTS/geometor/etc/etc/split/x-00021.html -> X(21)
Parsed /home/phi/PROJECTS/geometor/etc/etc/split/x-00022.html -> X(22)
Parsed /home/phi/PROJECTS/geometor/etc/etc/split/x-00023.html -> X(23)
Parsed /home/phi/PROJECTS/geometor/etc/etc/split/x-00024.html -> X(24)
Parsed /home/phi/PROJECTS/geometor/etc/etc/split/x-00025.html -> X(25)
Parsed /home/phi/PROJECTS/geometor/etc/etc/split/x-00026.html -> X(26)
Parsed /home/phi/PROJECTS/geometor/etc/etc/split/x-00027.html -> X(27)
Parsed /home/phi/PROJECTS/geometor/etc/etc/split/x-00028.html -> X(28)
Parsed /home/phi/PROJECTS/geometor/etc/etc/split/x-00029.html -> X(29)
Parsed /home/phi/PROJECTS/geometor/etc/etc/split/x-00030.html -> X(30)
Parsed /home/phi/PROJECTS/geometor/etc/etc/split/x-00031.html -> X(31)
Parsed /home/phi/PROJECTS/geometor/etc/etc/split/x-00032.html -> X(32)
Parsed /home/phi/PROJECTS/geometor/etc/etc/split/x-00033.html -> X(33)
Parsed /home/phi/PROJECTS/geometor/etc/etc/split/x-00034.html -> X(34)
Parsed /home/phi/PROJECTS/geometor/etc/etc/split/x-00035.html -> X(35)
Parsed /home/phi/PROJECTS/geometor/etc/etc/split/x-00036.html -> X(36)
Parsed /home/phi/PROJECTS/geometor/etc/etc/split/x-00037.html -> X(37)
Parsed /home/phi/PROJECTS/geometor/etc/etc/split/x-00038.html -> X(38)
Parsed /home/phi/PROJECTS/geometor/etc/etc/split/x-00039.html -> X(39)
Parsed /home/phi/PROJECTS/geometor/etc/etc/split/x-00040.html -> X(40)
Parsed /home/phi/PROJECTS/geometor/etc/etc/split/x-00041.html -> X(41)
Parsed /home/phi/PROJECTS/geometor/etc/etc/split/x-00042.html -> X(42)
Parsed /home/phi/PROJECTS/geometor/etc/etc/split/x-00043.html -> X(43)
Parsed /home/phi/PROJECTS/geometor/etc/etc/split/x-00044.html -> X(44)
Parsed /home/phi/PROJECTS/geometor/etc/etc/split/x-00045.html -> X(45)
Parsed /home/phi/PROJECTS/geometor/etc/etc/split/x-00046.html -> X(46)
Parsed /home/phi/PROJECTS/geometor/etc/etc/split/x-00047.html -> X(47)
Parsed /home/phi/PROJECTS/geometor/etc/etc/split/x-00048.html -> X(48)
Parsed /home/phi/PROJECTS/geometor/etc/etc/split/x-00049.html -> X(49)
Parsed /home/phi/PROJECTS/geometor/etc/etc/split/x-00050.html -> X(50)
Parsed /home/phi/PROJECTS/geometor/etc/etc/split/x-00051.html -> X(51)
Parsed /home/phi/PROJECTS/geometor/etc/etc/split/x-00052.html -> X(52)
Parsed /home/phi/PROJECTS/geometor/etc/etc/split/x-00053.html -> X(53)
Parsed /home/phi/PROJECTS/geometor/etc/etc/split/x-00054.html -> X(54)
Parsed /home/phi/PROJECTS/geometor/etc/etc/split/x-00055.html -> X(55)
Parsed /home/phi/PROJECTS/geometor/etc/etc/split/x-00056.html -> X(56)
Parsed /home/phi/PROJECTS/geometor/etc/etc/split/x-00057.html -> X(57)
Parsed /home/phi/PROJECTS/geometor/etc/etc/split/x-00058.html -> X(58)
Parsed /home/phi/PROJECTS/geometor/etc/etc/split/x-00059.html -> X(59)
Parsed /home/phi/PROJECTS/geometor/etc/etc/split/x-00060.html -> X(60)
Parsed /home/phi/PROJECTS/geometor/etc/etc/split/x-00061.html -> X(61)
Parsed /home/phi/PROJECTS/geometor/etc/etc/split/x-00062.html -> X(62)
Parsed /home/phi/PROJECTS/geometor/etc/etc/split/x-00063.html -> X(63)
Parsed /home/phi/PROJECTS/geometor/etc/etc/split/x-00064.html -> X(64)
Parsed /home/phi/PROJECTS/geometor/etc/etc/split/x-00065.html -> X(65)
Parsed /home/phi/PROJECTS/geometor/etc/etc/split/x-00066.html -> X(66)
Parsed /home/phi/PROJECTS/geometor/etc/etc/split/x-00067.html -> X(67)
Parsed /home/phi/PROJECTS/geometor/etc/etc/split/x-00068.html -> X(68)
Parsed /home/phi/PROJECTS/geometor/etc/etc/split/x-00069.html -> X(69)
Parsed /home/phi/PROJECTS/geometor/etc/etc/split/x-00070.html -> X(70)
Parsed /home/phi/PROJECTS/geometor/etc/etc/split/x-00071.html -> X(71)
Parsed /home/phi/PROJECTS/geometor/etc/etc/split/x-00072.html -> X(72)
Parsed /home/phi/PROJECTS/geometor/etc/etc/split/x-00073.html -> X(73)
Parsed /home/phi/PROJECTS/geometor/etc/etc/split/x-00074.html -> X(74)
Parsed /home/phi/PROJECTS/geometor/etc/etc/split/x-00075.html -> X(75)
Parsed /home/phi/PROJECTS/geometor/etc/etc/split/x-00076.html -> X(76)
Parsed /home/phi/PROJECTS/geometor/etc/etc/split/x-00077.html -> X(77)
Parsed /home/phi/PROJECTS/geometor/etc/etc/split/x-00078.html -> X(78)
Parsed /home/phi/PROJECTS/geometor/etc/etc/split/x-00079.html -> X(79)
Parsed /home/phi/PROJECTS/geometor/etc/etc/split/x-00080.html -> X(80)
Parsed /home/phi/PROJECTS/geometor/etc/etc/split/x-00081.html -> X(81)
Parsed /home/phi/PROJECTS/geometor/etc/etc/split/x-00082.html -> X(82)
Parsed /home/phi/PROJECTS/geometor/etc/etc/split/x-00083.html -> X(83)
Parsed /home/phi/PROJECTS/geometor/etc/etc/split/x-00084.html -> X(84)
Parsed /home/phi/PROJECTS/geometor/etc/etc/split/x-00085.html -> X(85)
Parsed /home/phi/PROJECTS/geometor/etc/etc/split/x-00086.html -> X(86)
Parsed /home/phi/PROJECTS/geometor/etc/etc/split/x-00087.html -> X(87)
Parsed /home/phi/PROJECTS/geometor/etc/etc/split/x-00088.html -> X(88)
Parsed /home/phi/PROJECTS/geometor/etc/etc/split/x-00089.html -> X(89)
Parsed /home/phi/PROJECTS/geometor/etc/etc/split/x-00090.html -> X(90)
Parsed /home/phi/PROJECTS/geometor/etc/etc/split/x-00091.html -> X(91)
Parsed /home/phi/PROJECTS/geometor/etc/etc/split/x-00092.html -> X(92)
Parsed /home/phi/PROJECTS/geometor/etc/etc/split/x-00093.html -> X(93)
Parsed /home/phi/PROJECTS/geometor/etc/etc/split/x-00094.html -> X(94)
Parsed /home/phi/PROJECTS/geometor/etc/etc/split/x-00095.html -> X(95)
Parsed /home/phi/PROJECTS/geometor/etc/etc/split/x-00096.html -> X(96)
Parsed /home/phi/PROJECTS/geometor/etc/etc/split/x-00097.html -> X(97)
Parsed /home/phi/PROJECTS/geometor/etc/etc/split/x-00098.html -> X(98)
Parsed /home/phi/PROJECTS/geometor/etc/etc/split/x-00099.html -> X(99)
Parsed /home/phi/PROJECTS/geometor/etc/etc/split/x-00100.html -> X(100)
Parsed 100 centers.
Generating RST files in /home/phi/PROJECTS/geometor/etc/docsrc/centers...
Done.
